27-Mar-2023 13:13:52.835 INFO [main] org.apache.catalina.startup.VersionLoggerListener.log Server version name:   Apache Tomcat/9.0.71
27-Mar-2023 13:13:52.840 INFO [main] org.apache.catalina.startup.VersionLoggerListener.log Server built:          Jan 9 2023 22:33:01 UTC
27-Mar-2023 13:13:52.840 INFO [main] org.apache.catalina.startup.VersionLoggerListener.log Server version number: 9.0.71.0
27-Mar-2023 13:13:52.840 INFO [main] org.apache.catalina.startup.VersionLoggerListener.log OS Name:               Windows 10
27-Mar-2023 13:13:52.841 INFO [main] org.apache.catalina.startup.VersionLoggerListener.log OS Version:            10.0
27-Mar-2023 13:13:52.841 INFO [main] org.apache.catalina.startup.VersionLoggerListener.log Architecture:          amd64
27-Mar-2023 13:13:52.841 INFO [main] org.apache.catalina.startup.VersionLoggerListener.log Java Home:             C:\Program Files\Java\jre1.8.0_361
27-Mar-2023 13:13:52.842 INFO [main] org.apache.catalina.startup.VersionLoggerListener.log JVM Version:           1.8.0_361-b09
27-Mar-2023 13:13:52.842 INFO [main] org.apache.catalina.startup.VersionLoggerListener.log JVM Vendor:            Oracle Corporation
27-Mar-2023 13:13:52.842 INFO [main] org.apache.catalina.startup.VersionLoggerListener.log CATALINA_BASE:         C:\Program Files\Apache Software Foundation\Tomcat 9.0
27-Mar-2023 13:13:52.842 INFO [main] org.apache.catalina.startup.VersionLoggerListener.log CATALINA_HOME:         C:\Program Files\Apache Software Foundation\Tomcat 9.0
27-Mar-2023 13:13:52.844 INFO [main] org.apache.catalina.startup.VersionLoggerListener.log Command line argument: -Dcatalina.home=C:\Program Files\Apache Software Foundation\Tomcat 9.0
27-Mar-2023 13:13:52.844 INFO [main] org.apache.catalina.startup.VersionLoggerListener.log Command line argument: -Dcatalina.base=C:\Program Files\Apache Software Foundation\Tomcat 9.0
27-Mar-2023 13:13:52.844 INFO [main] org.apache.catalina.startup.VersionLoggerListener.log Command line argument: -Djava.io.tmpdir=C:\Program Files\Apache Software Foundation\Tomcat 9.0\temp
27-Mar-2023 13:13:52.844 INFO [main] org.apache.catalina.startup.VersionLoggerListener.log Command line argument: -Djava.util.logging.manager=org.apache.juli.ClassLoaderLogManager
27-Mar-2023 13:13:52.844 INFO [main] org.apache.catalina.startup.VersionLoggerListener.log Command line argument: -Djava.util.logging.config.file=C:\Program Files\Apache Software Foundation\Tomcat 9.0\conf\logging.properties
27-Mar-2023 13:13:52.845 INFO [main] org.apache.catalina.startup.VersionLoggerListener.log Command line argument: exit
27-Mar-2023 13:13:52.845 INFO [main] org.apache.catalina.startup.VersionLoggerListener.log Command line argument: abort
27-Mar-2023 13:13:52.845 INFO [main] org.apache.catalina.startup.VersionLoggerListener.log Command line argument: -Xms128m
27-Mar-2023 13:13:52.845 INFO [main] org.apache.catalina.startup.VersionLoggerListener.log Command line argument: -Xmx256m
27-Mar-2023 13:13:52.872 INFO [main] org.apache.catalina.core.AprLifecycleListener.lifecycleEvent The Apache Tomcat Native library which allows using OpenSSL was not found on the java.library.path: [C:\Program Files\Apache Software Foundation\Tomcat 9.0\bin;C:\WINDOWS\Sun\Java\bin;C:\WINDOWS\system32;C:\WINDOWS;C:\Program Files\Java\jre1.8.0_361\bin;C:\oraclexe\app\oracle\product\10.2.0\server\bin;F:\oracle\product\10.2.0\db_1\bin;C:\Program Files (x86)\Common Files\Oracle\Java\javapath;C:\Python310\Scripts\;C:\Python310\;C:\WINDOWS\system32;C:\WINDOWS;C:\WINDOWS\System32\Wbem;C:\WINDOWS\System32\WindowsPowerShell\v1.0\;C:\WINDOWS\System32\OpenSSH\;C:\MinGW\bin;C:\ProgramData\chocolatey\bin;C:\Program Files\Java\jdk1.8.0_281\bin;C:\Program Files\MySQL\MySQL Server 8.0\bin;F:\ojdbc8-21.1.0.0.jar;C:\WINDOWS\ServiceProfiles\LocalService\AppData\Local\Microsoft\WindowsApps;.]
27-Mar-2023 13:13:53.768 INFO [main] org.apache.coyote.AbstractProtocol.init Initializing ProtocolHandler ["http-nio-8097"]
27-Mar-2023 13:13:53.824 INFO [main] org.apache.catalina.startup.Catalina.load Server initialization in [1404] milliseconds
27-Mar-2023 13:13:53.915 INFO [main] org.apache.catalina.core.StandardService.startInternal Starting service [Catalina]
27-Mar-2023 13:13:53.915 INFO [main] org.apache.catalina.core.StandardEngine.startInternal Starting Servlet engine: [Apache Tomcat/9.0.71]
27-Mar-2023 13:13:53.931 INFO [main] org.apache.catalina.startup.HostConfig.deployDirectory Deploying web application directory [C:\Program Files\Apache Software Foundation\Tomcat 9.0\webapps\docs]
27-Mar-2023 13:13:55.027 WARNING [main] org.apache.catalina.util.SessionIdGeneratorBase.createSecureRandom Creation of SecureRandom instance for session ID generation using [SHA1PRNG] took [628] milliseconds.
27-Mar-2023 13:13:55.075 INFO [main] org.apache.catalina.startup.HostConfig.deployDirectory Deployment of web application directory [C:\Program Files\Apache Software Foundation\Tomcat 9.0\webapps\docs] has finished in [1,144] ms
27-Mar-2023 13:13:55.076 INFO [main] org.apache.catalina.startup.HostConfig.deployDirectory Deploying web application directory [C:\Program Files\Apache Software Foundation\Tomcat 9.0\webapps\examples]
27-Mar-2023 13:13:56.145 INFO [main] org.apache.catalina.startup.HostConfig.deployDirectory Deployment of web application directory [C:\Program Files\Apache Software Foundation\Tomcat 9.0\webapps\examples] has finished in [1,069] ms
27-Mar-2023 13:13:56.147 INFO [main] org.apache.catalina.startup.HostConfig.deployDirectory Deploying web application directory [C:\Program Files\Apache Software Foundation\Tomcat 9.0\webapps\host-manager]
27-Mar-2023 13:13:56.242 INFO [main] org.apache.catalina.startup.HostConfig.deployDirectory Deployment of web application directory [C:\Program Files\Apache Software Foundation\Tomcat 9.0\webapps\host-manager] has finished in [94] ms
27-Mar-2023 13:13:56.243 INFO [main] org.apache.catalina.startup.HostConfig.deployDirectory Deploying web application directory [C:\Program Files\Apache Software Foundation\Tomcat 9.0\webapps\manager]
27-Mar-2023 13:13:56.342 INFO [main] org.apache.catalina.startup.HostConfig.deployDirectory Deployment of web application directory [C:\Program Files\Apache Software Foundation\Tomcat 9.0\webapps\manager] has finished in [98] ms
27-Mar-2023 13:13:56.342 INFO [main] org.apache.catalina.startup.HostConfig.deployDirectory Deploying web application directory [C:\Program Files\Apache Software Foundation\Tomcat 9.0\webapps\ROOT]
27-Mar-2023 13:13:56.414 INFO [main] org.apache.catalina.startup.HostConfig.deployDirectory Deployment of web application directory [C:\Program Files\Apache Software Foundation\Tomcat 9.0\webapps\ROOT] has finished in [71] ms
27-Mar-2023 13:13:56.421 INFO [main] org.apache.coyote.AbstractProtocol.start Starting ProtocolHandler ["http-nio-8097"]
27-Mar-2023 13:13:56.448 INFO [main] org.apache.catalina.startup.Catalina.start Server startup in [2623] milliseconds
27-Mar-2023 13:14:46.533 INFO [Catalina-utility-2] org.apache.catalina.startup.HostConfig.deployDirectory Deploying web application directory [C:\Program Files\Apache Software Foundation\Tomcat 9.0\webapps\curd]
27-Mar-2023 13:14:46.630 INFO [Catalina-utility-2] org.apache.catalina.startup.HostConfig.deployDirectory Deployment of web application directory [C:\Program Files\Apache Software Foundation\Tomcat 9.0\webapps\curd] has finished in [98] ms
27-Mar-2023 13:14:47.471 INFO [main] org.apache.catalina.startup.VersionLoggerListener.log Server version name:   Apache Tomcat/9.0.71
27-Mar-2023 13:14:47.475 INFO [main] org.apache.catalina.startup.VersionLoggerListener.log Server built:          Jan 9 2023 22:33:01 UTC
27-Mar-2023 13:14:47.476 INFO [main] org.apache.catalina.startup.VersionLoggerListener.log Server version number: 9.0.71.0
27-Mar-2023 13:14:47.476 INFO [main] org.apache.catalina.startup.VersionLoggerListener.log OS Name:               Windows 10
27-Mar-2023 13:14:47.476 INFO [main] org.apache.catalina.startup.VersionLoggerListener.log OS Version:            10.0
27-Mar-2023 13:14:47.477 INFO [main] org.apache.catalina.startup.VersionLoggerListener.log Architecture:          amd64
27-Mar-2023 13:14:47.477 INFO [main] org.apache.catalina.startup.VersionLoggerListener.log Java Home:             C:\Program Files\Java\jre1.8.0_361
27-Mar-2023 13:14:47.477 INFO [main] org.apache.catalina.startup.VersionLoggerListener.log JVM Version:           1.8.0_361-b09
27-Mar-2023 13:14:47.477 INFO [main] org.apache.catalina.startup.VersionLoggerListener.log JVM Vendor:            Oracle Corporation
27-Mar-2023 13:14:47.478 INFO [main] org.apache.catalina.startup.VersionLoggerListener.log CATALINA_BASE:         C:\Program Files\Apache Software Foundation\Tomcat 9.0
27-Mar-2023 13:14:47.478 INFO [main] org.apache.catalina.startup.VersionLoggerListener.log CATALINA_HOME:         C:\Program Files\Apache Software Foundation\Tomcat 9.0
27-Mar-2023 13:14:47.479 INFO [main] org.apache.catalina.startup.VersionLoggerListener.log Command line argument: -Dcatalina.home=C:\Program Files\Apache Software Foundation\Tomcat 9.0
27-Mar-2023 13:14:47.479 INFO [main] org.apache.catalina.startup.VersionLoggerListener.log Command line argument: -Dcatalina.base=C:\Program Files\Apache Software Foundation\Tomcat 9.0
27-Mar-2023 13:14:47.479 INFO [main] org.apache.catalina.startup.VersionLoggerListener.log Command line argument: -Djava.io.tmpdir=C:\Program Files\Apache Software Foundation\Tomcat 9.0\temp
27-Mar-2023 13:14:47.479 INFO [main] org.apache.catalina.startup.VersionLoggerListener.log Command line argument: -Djava.util.logging.manager=org.apache.juli.ClassLoaderLogManager
27-Mar-2023 13:14:47.480 INFO [main] org.apache.catalina.startup.VersionLoggerListener.log Command line argument: -Djava.util.logging.config.file=C:\Program Files\Apache Software Foundation\Tomcat 9.0\conf\logging.properties
27-Mar-2023 13:14:47.480 INFO [main] org.apache.catalina.startup.VersionLoggerListener.log Command line argument: exit
27-Mar-2023 13:14:47.481 INFO [main] org.apache.catalina.startup.VersionLoggerListener.log Command line argument: abort
27-Mar-2023 13:14:47.481 INFO [main] org.apache.catalina.startup.VersionLoggerListener.log Command line argument: -Xms128m
27-Mar-2023 13:14:47.482 INFO [main] org.apache.catalina.startup.VersionLoggerListener.log Command line argument: -Xmx256m
27-Mar-2023 13:14:47.504 INFO [main] org.apache.catalina.core.AprLifecycleListener.lifecycleEvent The Apache Tomcat Native library which allows using OpenSSL was not found on the java.library.path: [C:\Program Files\Apache Software Foundation\Tomcat 9.0\bin;C:\WINDOWS\Sun\Java\bin;C:\WINDOWS\system32;C:\WINDOWS;C:\Program Files\Java\jre1.8.0_361\bin;C:\oraclexe\app\oracle\product\10.2.0\server\bin;F:\oracle\product\10.2.0\db_1\bin;C:\Program Files (x86)\Common Files\Oracle\Java\javapath;C:\Python310\Scripts\;C:\Python310\;C:\WINDOWS\system32;C:\WINDOWS;C:\WINDOWS\System32\Wbem;C:\WINDOWS\System32\WindowsPowerShell\v1.0\;C:\WINDOWS\System32\OpenSSH\;C:\MinGW\bin;C:\ProgramData\chocolatey\bin;C:\Program Files\Java\jdk1.8.0_281\bin;C:\Program Files\MySQL\MySQL Server 8.0\bin;F:\ojdbc8-21.1.0.0.jar;C:\Program Files\MySQL\MySQL Shell 8.0\bin\;C:\Users\hp\AppData\Local\Microsoft\WindowsApps;C:\Users\hp\AppData\Local\Programs\Microsoft VS Code\bin;C:\Program Files\MongoDB\Server\5.0\bin;C:\MinGW\mingw32\bin;C:\Users\hp\AppData\Local\GitHubDesktop\bin;F:\OneDrive\Desktop\flutter\bin;.]
27-Mar-2023 13:14:48.169 INFO [main] org.apache.coyote.AbstractProtocol.init Initializing ProtocolHandler ["http-nio-8097"]
27-Mar-2023 13:14:48.196 SEVERE [main] org.apache.catalina.util.LifecycleBase.handleSubClassException Failed to initialize component [Connector[HTTP/1.1-8097]]
	org.apache.catalina.LifecycleException: Protocol handler initialization failed
		at org.apache.catalina.connector.Connector.initInternal(Connector.java:1050)
		at org.apache.catalina.util.LifecycleBase.init(LifecycleBase.java:136)
		at org.apache.catalina.core.StandardService.initInternal(StandardService.java:554)
		at org.apache.catalina.util.LifecycleBase.init(LifecycleBase.java:136)
		at org.apache.catalina.core.StandardServer.initInternal(StandardServer.java:1045)
		at org.apache.catalina.util.LifecycleBase.init(LifecycleBase.java:136)
		at org.apache.catalina.startup.Catalina.load(Catalina.java:724)
		at org.apache.catalina.startup.Catalina.load(Catalina.java:746)
		at sun.reflect.NativeMethodAccessorImpl.invoke0(Native Method)
		at sun.reflect.NativeMethodAccessorImpl.invoke(Unknown Source)
		at sun.reflect.DelegatingMethodAccessorImpl.invoke(Unknown Source)
		at java.lang.reflect.Method.invoke(Unknown Source)
		at org.apache.catalina.startup.Bootstrap.load(Bootstrap.java:307)
		at org.apache.catalina.startup.Bootstrap.main(Bootstrap.java:477)
	Caused by: java.net.BindException: Address already in use: bind
		at sun.nio.ch.Net.bind0(Native Method)
		at sun.nio.ch.Net.bind(Unknown Source)
		at sun.nio.ch.Net.bind(Unknown Source)
		at sun.nio.ch.ServerSocketChannelImpl.bind(Unknown Source)
		at org.apache.tomcat.util.net.NioEndpoint.initServerSocket(NioEndpoint.java:275)
		at org.apache.tomcat.util.net.NioEndpoint.bind(NioEndpoint.java:230)
		at org.apache.tomcat.util.net.AbstractEndpoint.bindWithCleanup(AbstractEndpoint.java:1227)
		at org.apache.tomcat.util.net.AbstractEndpoint.init(AbstractEndpoint.java:1240)
		at org.apache.coyote.AbstractProtocol.init(AbstractProtocol.java:604)
		at org.apache.coyote.http11.AbstractHttp11Protocol.init(AbstractHttp11Protocol.java:76)
		at org.apache.catalina.connector.Connector.initInternal(Connector.java:1047)
		... 13 more
27-Mar-2023 13:14:48.200 INFO [main] org.apache.catalina.startup.Catalina.load Server initialization in [1063] milliseconds
27-Mar-2023 13:14:48.266 INFO [main] org.apache.catalina.core.StandardService.startInternal Starting service [Catalina]
27-Mar-2023 13:14:48.266 INFO [main] org.apache.catalina.core.StandardEngine.startInternal Starting Servlet engine: [Apache Tomcat/9.0.71]
27-Mar-2023 13:14:48.285 INFO [main] org.apache.catalina.startup.HostConfig.deployDirectory Deploying web application directory [C:\Program Files\Apache Software Foundation\Tomcat 9.0\webapps\curd]
27-Mar-2023 13:14:49.188 WARNING [main] org.apache.catalina.util.SessionIdGeneratorBase.createSecureRandom Creation of SecureRandom instance for session ID generation using [SHA1PRNG] took [485] milliseconds.
27-Mar-2023 13:14:49.223 INFO [main] org.apache.catalina.startup.HostConfig.deployDirectory Deployment of web application directory [C:\Program Files\Apache Software Foundation\Tomcat 9.0\webapps\curd] has finished in [938] ms
27-Mar-2023 13:14:49.225 INFO [main] org.apache.catalina.startup.HostConfig.deployDirectory Deploying web application directory [C:\Program Files\Apache Software Foundation\Tomcat 9.0\webapps\docs]
27-Mar-2023 13:14:49.276 INFO [main] org.apache.catalina.startup.HostConfig.deployDirectory Deployment of web application directory [C:\Program Files\Apache Software Foundation\Tomcat 9.0\webapps\docs] has finished in [51] ms
27-Mar-2023 13:14:49.277 INFO [main] org.apache.catalina.startup.HostConfig.deployDirectory Deploying web application directory [C:\Program Files\Apache Software Foundation\Tomcat 9.0\webapps\examples]
27-Mar-2023 13:14:49.943 INFO [main] org.apache.catalina.startup.HostConfig.deployDirectory Deployment of web application directory [C:\Program Files\Apache Software Foundation\Tomcat 9.0\webapps\examples] has finished in [665] ms
27-Mar-2023 13:14:49.944 INFO [main] org.apache.catalina.startup.HostConfig.deployDirectory Deploying web application directory [C:\Program Files\Apache Software Foundation\Tomcat 9.0\webapps\host-manager]
27-Mar-2023 13:14:50.012 INFO [main] org.apache.catalina.startup.HostConfig.deployDirectory Deployment of web application directory [C:\Program Files\Apache Software Foundation\Tomcat 9.0\webapps\host-manager] has finished in [68] ms
27-Mar-2023 13:14:50.014 INFO [main] org.apache.catalina.startup.HostConfig.deployDirectory Deploying web application directory [C:\Program Files\Apache Software Foundation\Tomcat 9.0\webapps\manager]
27-Mar-2023 13:14:50.078 INFO [main] org.apache.catalina.startup.HostConfig.deployDirectory Deployment of web application directory [C:\Program Files\Apache Software Foundation\Tomcat 9.0\webapps\manager] has finished in [63] ms
27-Mar-2023 13:14:50.079 INFO [main] org.apache.catalina.startup.HostConfig.deployDirectory Deploying web application directory [C:\Program Files\Apache Software Foundation\Tomcat 9.0\webapps\ROOT]
27-Mar-2023 13:14:50.135 INFO [main] org.apache.catalina.startup.HostConfig.deployDirectory Deployment of web application directory [C:\Program Files\Apache Software Foundation\Tomcat 9.0\webapps\ROOT] has finished in [56] ms
27-Mar-2023 13:14:50.145 INFO [main] org.apache.catalina.startup.Catalina.start Server startup in [1942] milliseconds
27-Mar-2023 13:44:44.313 INFO [Catalina-utility-2] org.apache.catalina.startup.HostConfig.deployDirectory Deploying web application directory [C:\Program Files\Apache Software Foundation\Tomcat 9.0\webapps\New folder]
27-Mar-2023 13:44:44.379 INFO [Catalina-utility-2] org.apache.catalina.startup.HostConfig.deployDirectory Deployment of web application directory [C:\Program Files\Apache Software Foundation\Tomcat 9.0\webapps\New folder] has finished in [66] ms
27-Mar-2023 13:44:52.786 INFO [Catalina-utility-1] org.apache.catalina.startup.HostConfig.deployDirectory Deploying web application directory [C:\Program Files\Apache Software Foundation\Tomcat 9.0\webapps\New folder]
27-Mar-2023 13:44:52.917 INFO [Catalina-utility-1] org.apache.catalina.startup.HostConfig.deployDirectory Deployment of web application directory [C:\Program Files\Apache Software Foundation\Tomcat 9.0\webapps\New folder] has finished in [131] ms
27-Mar-2023 13:45:13.477 INFO [Catalina-utility-1] org.apache.catalina.startup.HostConfig.undeploy Undeploying context [/New folder]
27-Mar-2023 13:45:13.502 INFO [Catalina-utility-1] org.apache.catalina.startup.HostConfig.deployDirectory Deploying web application directory [C:\Program Files\Apache Software Foundation\Tomcat 9.0\webapps\fir]
27-Mar-2023 13:45:13.572 INFO [Catalina-utility-1] org.apache.catalina.startup.HostConfig.deployDirectory Deployment of web application directory [C:\Program Files\Apache Software Foundation\Tomcat 9.0\webapps\fir] has finished in [70] ms
27-Mar-2023 13:45:15.008 INFO [Catalina-utility-1] org.apache.catalina.startup.HostConfig.undeploy Undeploying context [/New folder]
27-Mar-2023 13:45:15.030 INFO [Catalina-utility-1] org.apache.catalina.startup.HostConfig.deployDirectory Deploying web application directory [C:\Program Files\Apache Software Foundation\Tomcat 9.0\webapps\fir]
27-Mar-2023 13:45:15.061 INFO [Catalina-utility-1] org.apache.catalina.startup.HostConfig.deployDirectory Deployment of web application directory [C:\Program Files\Apache Software Foundation\Tomcat 9.0\webapps\fir] has finished in [31] ms
27-Mar-2023 13:49:44.445 INFO [Catalina-utility-1] org.apache.catalina.startup.HostConfig.reload Reloading context [/fir]
27-Mar-2023 13:49:44.445 INFO [Catalina-utility-1] org.apache.catalina.core.StandardContext.reload Reloading Context with name [/fir] has started
27-Mar-2023 13:49:44.487 SEVERE [Catalina-utility-1] org.apache.tomcat.util.digester.Digester.fatalError Parse fatal error at line [1] column [1]
	org.xml.sax.SAXParseException; systemId: file:/C:/Program%20Files/Apache%20Software%20Foundation/Tomcat%209.0/webapps/fir/WEB-INF/web.xml; lineNumber: 1; columnNumber: 1; Content is not allowed in prolog.
		at com.sun.org.apache.xerces.internal.util.ErrorHandlerWrapper.createSAXParseException(Unknown Source)
		at com.sun.org.apache.xerces.internal.util.ErrorHandlerWrapper.fatalError(Unknown Source)
		at com.sun.org.apache.xerces.internal.impl.XMLErrorReporter.reportError(Unknown Source)
		at com.sun.org.apache.xerces.internal.impl.XMLErrorReporter.reportError(Unknown Source)
		at com.sun.org.apache.xerces.internal.impl.XMLScanner.reportFatalError(Unknown Source)
		at com.sun.org.apache.xerces.internal.impl.XMLDocumentScannerImpl$PrologDriver.next(Unknown Source)
		at com.sun.org.apache.xerces.internal.impl.XMLDocumentScannerImpl.next(Unknown Source)
		at com.sun.org.apache.xerces.internal.impl.XMLDocumentFragmentScannerImpl.scanDocument(Unknown Source)
		at com.sun.org.apache.xerces.internal.parsers.XML11Configuration.parse(Unknown Source)
		at com.sun.org.apache.xerces.internal.parsers.XML11Configuration.parse(Unknown Source)
		at com.sun.org.apache.xerces.internal.parsers.XMLParser.parse(Unknown Source)
		at com.sun.org.apache.xerces.internal.parsers.AbstractSAXParser.parse(Unknown Source)
		at com.sun.org.apache.xerces.internal.jaxp.SAXParserImpl$JAXPSAXParser.parse(Unknown Source)
		at org.apache.tomcat.util.digester.Digester.parse(Digester.java:1535)
		at org.apache.tomcat.util.descriptor.web.WebXmlParser.parseWebXml(WebXmlParser.java:119)
		at org.apache.catalina.startup.ContextConfig.webConfig(ContextConfig.java:1278)
		at org.apache.catalina.startup.ContextConfig.configureStart(ContextConfig.java:987)
		at org.apache.catalina.startup.ContextConfig.lifecycleEvent(ContextConfig.java:304)
		at org.apache.catalina.util.LifecycleBase.fireLifecycleEvent(LifecycleBase.java:123)
		at org.apache.catalina.core.StandardContext.startInternal(StandardContext.java:5127)
		at org.apache.catalina.util.LifecycleBase.start(LifecycleBase.java:183)
		at org.apache.catalina.core.StandardContext.reload(StandardContext.java:3814)
		at org.apache.catalina.startup.HostConfig.reload(HostConfig.java:1442)
		at org.apache.catalina.startup.HostConfig.checkResources(HostConfig.java:1414)
		at org.apache.catalina.startup.HostConfig.check(HostConfig.java:1653)
		at org.apache.catalina.startup.HostConfig.lifecycleEvent(HostConfig.java:314)
		at org.apache.catalina.util.LifecycleBase.fireLifecycleEvent(LifecycleBase.java:123)
		at org.apache.catalina.core.ContainerBase.backgroundProcess(ContainerBase.java:1159)
		at org.apache.catalina.core.ContainerBase$ContainerBackgroundProcessor.processChildren(ContainerBase.java:1362)
		at org.apache.catalina.core.ContainerBase$ContainerBackgroundProcessor.processChildren(ContainerBase.java:1366)
		at org.apache.catalina.core.ContainerBase$ContainerBackgroundProcessor.run(ContainerBase.java:1344)
		at java.util.concurrent.Executors$RunnableAdapter.call(Unknown Source)
		at java.util.concurrent.FutureTask.runAndReset(Unknown Source)
		at java.util.concurrent.ScheduledThreadPoolExecutor$ScheduledFutureTask.access$301(Unknown Source)
		at java.util.concurrent.ScheduledThreadPoolExecutor$ScheduledFutureTask.run(Unknown Source)
		at java.util.concurrent.ThreadPoolExecutor.runWorker(Unknown Source)
		at java.util.concurrent.ThreadPoolExecutor$Worker.run(Unknown Source)
		at org.apache.tomcat.util.threads.TaskThread$WrappingRunnable.run(TaskThread.java:61)
		at java.lang.Thread.run(Unknown Source)
27-Mar-2023 13:49:44.488 SEVERE [Catalina-utility-1] org.apache.tomcat.util.descriptor.web.WebXmlParser.parseWebXml Parse error in application web.xml file at [file:/C:/Program%20Files/Apache%20Software%20Foundation/Tomcat%209.0/webapps/fir/WEB-INF/web.xml]
	org.xml.sax.SAXParseException; systemId: file:/C:/Program%20Files/Apache%20Software%20Foundation/Tomcat%209.0/webapps/fir/WEB-INF/web.xml; lineNumber: 1; columnNumber: 1; Content is not allowed in prolog.
		at com.sun.org.apache.xerces.internal.util.ErrorHandlerWrapper.createSAXParseException(Unknown Source)
		at com.sun.org.apache.xerces.internal.util.ErrorHandlerWrapper.fatalError(Unknown Source)
		at com.sun.org.apache.xerces.internal.impl.XMLErrorReporter.reportError(Unknown Source)
		at com.sun.org.apache.xerces.internal.impl.XMLErrorReporter.reportError(Unknown Source)
		at com.sun.org.apache.xerces.internal.impl.XMLScanner.reportFatalError(Unknown Source)
		at com.sun.org.apache.xerces.internal.impl.XMLDocumentScannerImpl$PrologDriver.next(Unknown Source)
		at com.sun.org.apache.xerces.internal.impl.XMLDocumentScannerImpl.next(Unknown Source)
		at com.sun.org.apache.xerces.internal.impl.XMLDocumentFragmentScannerImpl.scanDocument(Unknown Source)
		at com.sun.org.apache.xerces.internal.parsers.XML11Configuration.parse(Unknown Source)
		at com.sun.org.apache.xerces.internal.parsers.XML11Configuration.parse(Unknown Source)
		at com.sun.org.apache.xerces.internal.parsers.XMLParser.parse(Unknown Source)
		at com.sun.org.apache.xerces.internal.parsers.AbstractSAXParser.parse(Unknown Source)
		at com.sun.org.apache.xerces.internal.jaxp.SAXParserImpl$JAXPSAXParser.parse(Unknown Source)
		at org.apache.tomcat.util.digester.Digester.parse(Digester.java:1535)
		at org.apache.tomcat.util.descriptor.web.WebXmlParser.parseWebXml(WebXmlParser.java:119)
		at org.apache.catalina.startup.ContextConfig.webConfig(ContextConfig.java:1278)
		at org.apache.catalina.startup.ContextConfig.configureStart(ContextConfig.java:987)
		at org.apache.catalina.startup.ContextConfig.lifecycleEvent(ContextConfig.java:304)
		at org.apache.catalina.util.LifecycleBase.fireLifecycleEvent(LifecycleBase.java:123)
		at org.apache.catalina.core.StandardContext.startInternal(StandardContext.java:5127)
		at org.apache.catalina.util.LifecycleBase.start(LifecycleBase.java:183)
		at org.apache.catalina.core.StandardContext.reload(StandardContext.java:3814)
		at org.apache.catalina.startup.HostConfig.reload(HostConfig.java:1442)
		at org.apache.catalina.startup.HostConfig.checkResources(HostConfig.java:1414)
		at org.apache.catalina.startup.HostConfig.check(HostConfig.java:1653)
		at org.apache.catalina.startup.HostConfig.lifecycleEvent(HostConfig.java:314)
		at org.apache.catalina.util.LifecycleBase.fireLifecycleEvent(LifecycleBase.java:123)
		at org.apache.catalina.core.ContainerBase.backgroundProcess(ContainerBase.java:1159)
		at org.apache.catalina.core.ContainerBase$ContainerBackgroundProcessor.processChildren(ContainerBase.java:1362)
		at org.apache.catalina.core.ContainerBase$ContainerBackgroundProcessor.processChildren(ContainerBase.java:1366)
		at org.apache.catalina.core.ContainerBase$ContainerBackgroundProcessor.run(ContainerBase.java:1344)
		at java.util.concurrent.Executors$RunnableAdapter.call(Unknown Source)
		at java.util.concurrent.FutureTask.runAndReset(Unknown Source)
		at java.util.concurrent.ScheduledThreadPoolExecutor$ScheduledFutureTask.access$301(Unknown Source)
		at java.util.concurrent.ScheduledThreadPoolExecutor$ScheduledFutureTask.run(Unknown Source)
		at java.util.concurrent.ThreadPoolExecutor.runWorker(Unknown Source)
		at java.util.concurrent.ThreadPoolExecutor$Worker.run(Unknown Source)
		at org.apache.tomcat.util.threads.TaskThread$WrappingRunnable.run(TaskThread.java:61)
		at java.lang.Thread.run(Unknown Source)
27-Mar-2023 13:49:44.489 SEVERE [Catalina-utility-1] org.apache.tomcat.util.descriptor.web.WebXmlParser.parseWebXml Occurred at line [1] column [1]
27-Mar-2023 13:49:44.493 SEVERE [Catalina-utility-1] org.apache.catalina.startup.ContextConfig.configureStart Marking this application unavailable due to previous error(s)
27-Mar-2023 13:49:44.493 SEVERE [Catalina-utility-1] org.apache.catalina.core.StandardContext.startInternal One or more components marked the context as not correctly configured
27-Mar-2023 13:49:44.494 SEVERE [Catalina-utility-1] org.apache.catalina.core.StandardContext.startInternal Context [/fir] startup failed due to previous errors
27-Mar-2023 13:49:44.498 INFO [Catalina-utility-1] org.apache.catalina.core.StandardContext.reload Reloading Context with name [/fir] is completed
27-Mar-2023 13:49:45.638 INFO [Catalina-utility-1] org.apache.catalina.startup.HostConfig.reload Reloading context [/fir]
27-Mar-2023 13:49:45.639 INFO [Catalina-utility-1] org.apache.catalina.core.StandardContext.reload Reloading Context with name [/fir] has started
27-Mar-2023 13:49:45.683 SEVERE [Catalina-utility-1] org.apache.tomcat.util.digester.Digester.fatalError Parse fatal error at line [1] column [1]
	org.xml.sax.SAXParseException; systemId: file:/C:/Program%20Files/Apache%20Software%20Foundation/Tomcat%209.0/webapps/fir/WEB-INF/web.xml; lineNumber: 1; columnNumber: 1; Content is not allowed in prolog.
		at com.sun.org.apache.xerces.internal.util.ErrorHandlerWrapper.createSAXParseException(Unknown Source)
		at com.sun.org.apache.xerces.internal.util.ErrorHandlerWrapper.fatalError(Unknown Source)
		at com.sun.org.apache.xerces.internal.impl.XMLErrorReporter.reportError(Unknown Source)
		at com.sun.org.apache.xerces.internal.impl.XMLErrorReporter.reportError(Unknown Source)
		at com.sun.org.apache.xerces.internal.impl.XMLScanner.reportFatalError(Unknown Source)
		at com.sun.org.apache.xerces.internal.impl.XMLDocumentScannerImpl$PrologDriver.next(Unknown Source)
		at com.sun.org.apache.xerces.internal.impl.XMLDocumentScannerImpl.next(Unknown Source)
		at com.sun.org.apache.xerces.internal.impl.XMLDocumentFragmentScannerImpl.scanDocument(Unknown Source)
		at com.sun.org.apache.xerces.internal.parsers.XML11Configuration.parse(Unknown Source)
		at com.sun.org.apache.xerces.internal.parsers.XML11Configuration.parse(Unknown Source)
		at com.sun.org.apache.xerces.internal.parsers.XMLParser.parse(Unknown Source)
		at com.sun.org.apache.xerces.internal.parsers.AbstractSAXParser.parse(Unknown Source)
		at com.sun.org.apache.xerces.internal.jaxp.SAXParserImpl$JAXPSAXParser.parse(Unknown Source)
		at org.apache.tomcat.util.digester.Digester.parse(Digester.java:1535)
		at org.apache.tomcat.util.descriptor.web.WebXmlParser.parseWebXml(WebXmlParser.java:119)
		at org.apache.catalina.startup.ContextConfig.webConfig(ContextConfig.java:1278)
		at org.apache.catalina.startup.ContextConfig.configureStart(ContextConfig.java:987)
		at org.apache.catalina.startup.ContextConfig.lifecycleEvent(ContextConfig.java:304)
		at org.apache.catalina.util.LifecycleBase.fireLifecycleEvent(LifecycleBase.java:123)
		at org.apache.catalina.core.StandardContext.startInternal(StandardContext.java:5127)
		at org.apache.catalina.util.LifecycleBase.start(LifecycleBase.java:183)
		at org.apache.catalina.core.StandardContext.reload(StandardContext.java:3814)
		at org.apache.catalina.startup.HostConfig.reload(HostConfig.java:1442)
		at org.apache.catalina.startup.HostConfig.checkResources(HostConfig.java:1414)
		at org.apache.catalina.startup.HostConfig.check(HostConfig.java:1653)
		at org.apache.catalina.startup.HostConfig.lifecycleEvent(HostConfig.java:314)
		at org.apache.catalina.util.LifecycleBase.fireLifecycleEvent(LifecycleBase.java:123)
		at org.apache.catalina.core.ContainerBase.backgroundProcess(ContainerBase.java:1159)
		at org.apache.catalina.core.ContainerBase$ContainerBackgroundProcessor.processChildren(ContainerBase.java:1362)
		at org.apache.catalina.core.ContainerBase$ContainerBackgroundProcessor.processChildren(ContainerBase.java:1366)
		at org.apache.catalina.core.ContainerBase$ContainerBackgroundProcessor.run(ContainerBase.java:1344)
		at java.util.concurrent.Executors$RunnableAdapter.call(Unknown Source)
		at java.util.concurrent.FutureTask.runAndReset(Unknown Source)
		at java.util.concurrent.ScheduledThreadPoolExecutor$ScheduledFutureTask.access$301(Unknown Source)
		at java.util.concurrent.ScheduledThreadPoolExecutor$ScheduledFutureTask.run(Unknown Source)
		at java.util.concurrent.ThreadPoolExecutor.runWorker(Unknown Source)
		at java.util.concurrent.ThreadPoolExecutor$Worker.run(Unknown Source)
		at org.apache.tomcat.util.threads.TaskThread$WrappingRunnable.run(TaskThread.java:61)
		at java.lang.Thread.run(Unknown Source)
27-Mar-2023 13:49:45.685 SEVERE [Catalina-utility-1] org.apache.tomcat.util.descriptor.web.WebXmlParser.parseWebXml Parse error in application web.xml file at [file:/C:/Program%20Files/Apache%20Software%20Foundation/Tomcat%209.0/webapps/fir/WEB-INF/web.xml]
	org.xml.sax.SAXParseException; systemId: file:/C:/Program%20Files/Apache%20Software%20Foundation/Tomcat%209.0/webapps/fir/WEB-INF/web.xml; lineNumber: 1; columnNumber: 1; Content is not allowed in prolog.
		at com.sun.org.apache.xerces.internal.util.ErrorHandlerWrapper.createSAXParseException(Unknown Source)
		at com.sun.org.apache.xerces.internal.util.ErrorHandlerWrapper.fatalError(Unknown Source)
		at com.sun.org.apache.xerces.internal.impl.XMLErrorReporter.reportError(Unknown Source)
		at com.sun.org.apache.xerces.internal.impl.XMLErrorReporter.reportError(Unknown Source)
		at com.sun.org.apache.xerces.internal.impl.XMLScanner.reportFatalError(Unknown Source)
		at com.sun.org.apache.xerces.internal.impl.XMLDocumentScannerImpl$PrologDriver.next(Unknown Source)
		at com.sun.org.apache.xerces.internal.impl.XMLDocumentScannerImpl.next(Unknown Source)
		at com.sun.org.apache.xerces.internal.impl.XMLDocumentFragmentScannerImpl.scanDocument(Unknown Source)
		at com.sun.org.apache.xerces.internal.parsers.XML11Configuration.parse(Unknown Source)
		at com.sun.org.apache.xerces.internal.parsers.XML11Configuration.parse(Unknown Source)
		at com.sun.org.apache.xerces.internal.parsers.XMLParser.parse(Unknown Source)
		at com.sun.org.apache.xerces.internal.parsers.AbstractSAXParser.parse(Unknown Source)
		at com.sun.org.apache.xerces.internal.jaxp.SAXParserImpl$JAXPSAXParser.parse(Unknown Source)
		at org.apache.tomcat.util.digester.Digester.parse(Digester.java:1535)
		at org.apache.tomcat.util.descriptor.web.WebXmlParser.parseWebXml(WebXmlParser.java:119)
		at org.apache.catalina.startup.ContextConfig.webConfig(ContextConfig.java:1278)
		at org.apache.catalina.startup.ContextConfig.configureStart(ContextConfig.java:987)
		at org.apache.catalina.startup.ContextConfig.lifecycleEvent(ContextConfig.java:304)
		at org.apache.catalina.util.LifecycleBase.fireLifecycleEvent(LifecycleBase.java:123)
		at org.apache.catalina.core.StandardContext.startInternal(StandardContext.java:5127)
		at org.apache.catalina.util.LifecycleBase.start(LifecycleBase.java:183)
		at org.apache.catalina.core.StandardContext.reload(StandardContext.java:3814)
		at org.apache.catalina.startup.HostConfig.reload(HostConfig.java:1442)
		at org.apache.catalina.startup.HostConfig.checkResources(HostConfig.java:1414)
		at org.apache.catalina.startup.HostConfig.check(HostConfig.java:1653)
		at org.apache.catalina.startup.HostConfig.lifecycleEvent(HostConfig.java:314)
		at org.apache.catalina.util.LifecycleBase.fireLifecycleEvent(LifecycleBase.java:123)
		at org.apache.catalina.core.ContainerBase.backgroundProcess(ContainerBase.java:1159)
		at org.apache.catalina.core.ContainerBase$ContainerBackgroundProcessor.processChildren(ContainerBase.java:1362)
		at org.apache.catalina.core.ContainerBase$ContainerBackgroundProcessor.processChildren(ContainerBase.java:1366)
		at org.apache.catalina.core.ContainerBase$ContainerBackgroundProcessor.run(ContainerBase.java:1344)
		at java.util.concurrent.Executors$RunnableAdapter.call(Unknown Source)
		at java.util.concurrent.FutureTask.runAndReset(Unknown Source)
		at java.util.concurrent.ScheduledThreadPoolExecutor$ScheduledFutureTask.access$301(Unknown Source)
		at java.util.concurrent.ScheduledThreadPoolExecutor$ScheduledFutureTask.run(Unknown Source)
		at java.util.concurrent.ThreadPoolExecutor.runWorker(Unknown Source)
		at java.util.concurrent.ThreadPoolExecutor$Worker.run(Unknown Source)
		at org.apache.tomcat.util.threads.TaskThread$WrappingRunnable.run(TaskThread.java:61)
		at java.lang.Thread.run(Unknown Source)
27-Mar-2023 13:49:45.686 SEVERE [Catalina-utility-1] org.apache.tomcat.util.descriptor.web.WebXmlParser.parseWebXml Occurred at line [1] column [1]
27-Mar-2023 13:49:45.690 SEVERE [Catalina-utility-1] org.apache.catalina.startup.ContextConfig.configureStart Marking this application unavailable due to previous error(s)
27-Mar-2023 13:49:45.691 SEVERE [Catalina-utility-1] org.apache.catalina.core.StandardContext.startInternal One or more components marked the context as not correctly configured
27-Mar-2023 13:49:45.693 SEVERE [Catalina-utility-1] org.apache.catalina.core.StandardContext.startInternal Context [/fir] startup failed due to previous errors
27-Mar-2023 13:49:45.696 INFO [Catalina-utility-1] org.apache.catalina.core.StandardContext.reload Reloading Context with name [/fir] is completed
27-Mar-2023 13:53:15.193 INFO [Catalina-utility-1] org.apache.catalina.startup.HostConfig.reload Reloading context [/fir]
27-Mar-2023 13:53:15.213 SEVERE [Catalina-utility-1] org.apache.tomcat.util.digester.Digester.fatalError Parse fatal error at line [8] column [19]
	org.xml.sax.SAXParseException; systemId: file:/C:/Program%20Files/Apache%20Software%20Foundation/Tomcat%209.0/webapps/fir/WEB-INF/web.xml; lineNumber: 8; columnNumber: 19; The element type "url-pattern" must be terminated by the matching end-tag "</url-pattern>".
		at com.sun.org.apache.xerces.internal.util.ErrorHandlerWrapper.createSAXParseException(Unknown Source)
		at com.sun.org.apache.xerces.internal.util.ErrorHandlerWrapper.fatalError(Unknown Source)
		at com.sun.org.apache.xerces.internal.impl.XMLErrorReporter.reportError(Unknown Source)
		at com.sun.org.apache.xerces.internal.impl.XMLErrorReporter.reportError(Unknown Source)
		at com.sun.org.apache.xerces.internal.impl.XMLScanner.reportFatalError(Unknown Source)
		at com.sun.org.apache.xerces.internal.impl.XMLDocumentFragmentScannerImpl.scanEndElement(Unknown Source)
		at com.sun.org.apache.xerces.internal.impl.XMLDocumentFragmentScannerImpl$FragmentContentDriver.next(Unknown Source)
		at com.sun.org.apache.xerces.internal.impl.XMLDocumentScannerImpl.next(Unknown Source)
		at com.sun.org.apache.xerces.internal.impl.XMLDocumentFragmentScannerImpl.scanDocument(Unknown Source)
		at com.sun.org.apache.xerces.internal.parsers.XML11Configuration.parse(Unknown Source)
		at com.sun.org.apache.xerces.internal.parsers.XML11Configuration.parse(Unknown Source)
		at com.sun.org.apache.xerces.internal.parsers.XMLParser.parse(Unknown Source)
		at com.sun.org.apache.xerces.internal.parsers.AbstractSAXParser.parse(Unknown Source)
		at com.sun.org.apache.xerces.internal.jaxp.SAXParserImpl$JAXPSAXParser.parse(Unknown Source)
		at org.apache.tomcat.util.digester.Digester.parse(Digester.java:1535)
		at org.apache.tomcat.util.descriptor.web.WebXmlParser.parseWebXml(WebXmlParser.java:119)
		at org.apache.catalina.startup.ContextConfig.webConfig(ContextConfig.java:1278)
		at org.apache.catalina.startup.ContextConfig.configureStart(ContextConfig.java:987)
		at org.apache.catalina.startup.ContextConfig.lifecycleEvent(ContextConfig.java:304)
		at org.apache.catalina.util.LifecycleBase.fireLifecycleEvent(LifecycleBase.java:123)
		at org.apache.catalina.core.StandardContext.startInternal(StandardContext.java:5127)
		at org.apache.catalina.util.LifecycleBase.start(LifecycleBase.java:183)
		at org.apache.catalina.startup.HostConfig.reload(HostConfig.java:1451)
		at org.apache.catalina.startup.HostConfig.checkResources(HostConfig.java:1414)
		at org.apache.catalina.startup.HostConfig.check(HostConfig.java:1653)
		at org.apache.catalina.startup.HostConfig.lifecycleEvent(HostConfig.java:314)
		at org.apache.catalina.util.LifecycleBase.fireLifecycleEvent(LifecycleBase.java:123)
		at org.apache.catalina.core.ContainerBase.backgroundProcess(ContainerBase.java:1159)
		at org.apache.catalina.core.ContainerBase$ContainerBackgroundProcessor.processChildren(ContainerBase.java:1362)
		at org.apache.catalina.core.ContainerBase$ContainerBackgroundProcessor.processChildren(ContainerBase.java:1366)
		at org.apache.catalina.core.ContainerBase$ContainerBackgroundProcessor.run(ContainerBase.java:1344)
		at java.util.concurrent.Executors$RunnableAdapter.call(Unknown Source)
		at java.util.concurrent.FutureTask.runAndReset(Unknown Source)
		at java.util.concurrent.ScheduledThreadPoolExecutor$ScheduledFutureTask.access$301(Unknown Source)
		at java.util.concurrent.ScheduledThreadPoolExecutor$ScheduledFutureTask.run(Unknown Source)
		at java.util.concurrent.ThreadPoolExecutor.runWorker(Unknown Source)
		at java.util.concurrent.ThreadPoolExecutor$Worker.run(Unknown Source)
		at org.apache.tomcat.util.threads.TaskThread$WrappingRunnable.run(TaskThread.java:61)
		at java.lang.Thread.run(Unknown Source)
27-Mar-2023 13:53:15.214 SEVERE [Catalina-utility-1] org.apache.tomcat.util.descriptor.web.WebXmlParser.parseWebXml Parse error in application web.xml file at [file:/C:/Program%20Files/Apache%20Software%20Foundation/Tomcat%209.0/webapps/fir/WEB-INF/web.xml]
	org.xml.sax.SAXParseException; systemId: file:/C:/Program%20Files/Apache%20Software%20Foundation/Tomcat%209.0/webapps/fir/WEB-INF/web.xml; lineNumber: 8; columnNumber: 19; The element type "url-pattern" must be terminated by the matching end-tag "</url-pattern>".
		at com.sun.org.apache.xerces.internal.util.ErrorHandlerWrapper.createSAXParseException(Unknown Source)
		at com.sun.org.apache.xerces.internal.util.ErrorHandlerWrapper.fatalError(Unknown Source)
		at com.sun.org.apache.xerces.internal.impl.XMLErrorReporter.reportError(Unknown Source)
		at com.sun.org.apache.xerces.internal.impl.XMLErrorReporter.reportError(Unknown Source)
		at com.sun.org.apache.xerces.internal.impl.XMLScanner.reportFatalError(Unknown Source)
		at com.sun.org.apache.xerces.internal.impl.XMLDocumentFragmentScannerImpl.scanEndElement(Unknown Source)
		at com.sun.org.apache.xerces.internal.impl.XMLDocumentFragmentScannerImpl$FragmentContentDriver.next(Unknown Source)
		at com.sun.org.apache.xerces.internal.impl.XMLDocumentScannerImpl.next(Unknown Source)
		at com.sun.org.apache.xerces.internal.impl.XMLDocumentFragmentScannerImpl.scanDocument(Unknown Source)
		at com.sun.org.apache.xerces.internal.parsers.XML11Configuration.parse(Unknown Source)
		at com.sun.org.apache.xerces.internal.parsers.XML11Configuration.parse(Unknown Source)
		at com.sun.org.apache.xerces.internal.parsers.XMLParser.parse(Unknown Source)
		at com.sun.org.apache.xerces.internal.parsers.AbstractSAXParser.parse(Unknown Source)
		at com.sun.org.apache.xerces.internal.jaxp.SAXParserImpl$JAXPSAXParser.parse(Unknown Source)
		at org.apache.tomcat.util.digester.Digester.parse(Digester.java:1535)
		at org.apache.tomcat.util.descriptor.web.WebXmlParser.parseWebXml(WebXmlParser.java:119)
		at org.apache.catalina.startup.ContextConfig.webConfig(ContextConfig.java:1278)
		at org.apache.catalina.startup.ContextConfig.configureStart(ContextConfig.java:987)
		at org.apache.catalina.startup.ContextConfig.lifecycleEvent(ContextConfig.java:304)
		at org.apache.catalina.util.LifecycleBase.fireLifecycleEvent(LifecycleBase.java:123)
		at org.apache.catalina.core.StandardContext.startInternal(StandardContext.java:5127)
		at org.apache.catalina.util.LifecycleBase.start(LifecycleBase.java:183)
		at org.apache.catalina.startup.HostConfig.reload(HostConfig.java:1451)
		at org.apache.catalina.startup.HostConfig.checkResources(HostConfig.java:1414)
		at org.apache.catalina.startup.HostConfig.check(HostConfig.java:1653)
		at org.apache.catalina.startup.HostConfig.lifecycleEvent(HostConfig.java:314)
		at org.apache.catalina.util.LifecycleBase.fireLifecycleEvent(LifecycleBase.java:123)
		at org.apache.catalina.core.ContainerBase.backgroundProcess(ContainerBase.java:1159)
		at org.apache.catalina.core.ContainerBase$ContainerBackgroundProcessor.processChildren(ContainerBase.java:1362)
		at org.apache.catalina.core.ContainerBase$ContainerBackgroundProcessor.processChildren(ContainerBase.java:1366)
		at org.apache.catalina.core.ContainerBase$ContainerBackgroundProcessor.run(ContainerBase.java:1344)
		at java.util.concurrent.Executors$RunnableAdapter.call(Unknown Source)
		at java.util.concurrent.FutureTask.runAndReset(Unknown Source)
		at java.util.concurrent.ScheduledThreadPoolExecutor$ScheduledFutureTask.access$301(Unknown Source)
		at java.util.concurrent.ScheduledThreadPoolExecutor$ScheduledFutureTask.run(Unknown Source)
		at java.util.concurrent.ThreadPoolExecutor.runWorker(Unknown Source)
		at java.util.concurrent.ThreadPoolExecutor$Worker.run(Unknown Source)
		at org.apache.tomcat.util.threads.TaskThread$WrappingRunnable.run(TaskThread.java:61)
		at java.lang.Thread.run(Unknown Source)
27-Mar-2023 13:53:15.215 SEVERE [Catalina-utility-1] org.apache.tomcat.util.descriptor.web.WebXmlParser.parseWebXml Occurred at line [8] column [19]
27-Mar-2023 13:53:15.219 SEVERE [Catalina-utility-1] org.apache.catalina.startup.ContextConfig.configureStart Marking this application unavailable due to previous error(s)
27-Mar-2023 13:53:15.219 SEVERE [Catalina-utility-1] org.apache.catalina.core.StandardContext.startInternal One or more components marked the context as not correctly configured
27-Mar-2023 13:53:15.220 SEVERE [Catalina-utility-1] org.apache.catalina.core.StandardContext.startInternal Context [/fir] startup failed due to previous errors
27-Mar-2023 13:53:16.163 INFO [Catalina-utility-2] org.apache.catalina.startup.HostConfig.reload Reloading context [/fir]
27-Mar-2023 13:53:16.181 SEVERE [Catalina-utility-2] org.apache.tomcat.util.digester.Digester.fatalError Parse fatal error at line [8] column [19]
	org.xml.sax.SAXParseException; systemId: file:/C:/Program%20Files/Apache%20Software%20Foundation/Tomcat%209.0/webapps/fir/WEB-INF/web.xml; lineNumber: 8; columnNumber: 19; The element type "url-pattern" must be terminated by the matching end-tag "</url-pattern>".
		at com.sun.org.apache.xerces.internal.util.ErrorHandlerWrapper.createSAXParseException(Unknown Source)
		at com.sun.org.apache.xerces.internal.util.ErrorHandlerWrapper.fatalError(Unknown Source)
		at com.sun.org.apache.xerces.internal.impl.XMLErrorReporter.reportError(Unknown Source)
		at com.sun.org.apache.xerces.internal.impl.XMLErrorReporter.reportError(Unknown Source)
		at com.sun.org.apache.xerces.internal.impl.XMLScanner.reportFatalError(Unknown Source)
		at com.sun.org.apache.xerces.internal.impl.XMLDocumentFragmentScannerImpl.scanEndElement(Unknown Source)
		at com.sun.org.apache.xerces.internal.impl.XMLDocumentFragmentScannerImpl$FragmentContentDriver.next(Unknown Source)
		at com.sun.org.apache.xerces.internal.impl.XMLDocumentScannerImpl.next(Unknown Source)
		at com.sun.org.apache.xerces.internal.impl.XMLDocumentFragmentScannerImpl.scanDocument(Unknown Source)
		at com.sun.org.apache.xerces.internal.parsers.XML11Configuration.parse(Unknown Source)
		at com.sun.org.apache.xerces.internal.parsers.XML11Configuration.parse(Unknown Source)
		at com.sun.org.apache.xerces.internal.parsers.XMLParser.parse(Unknown Source)
		at com.sun.org.apache.xerces.internal.parsers.AbstractSAXParser.parse(Unknown Source)
		at com.sun.org.apache.xerces.internal.jaxp.SAXParserImpl$JAXPSAXParser.parse(Unknown Source)
		at org.apache.tomcat.util.digester.Digester.parse(Digester.java:1535)
		at org.apache.tomcat.util.descriptor.web.WebXmlParser.parseWebXml(WebXmlParser.java:119)
		at org.apache.catalina.startup.ContextConfig.webConfig(ContextConfig.java:1278)
		at org.apache.catalina.startup.ContextConfig.configureStart(ContextConfig.java:987)
		at org.apache.catalina.startup.ContextConfig.lifecycleEvent(ContextConfig.java:304)
		at org.apache.catalina.util.LifecycleBase.fireLifecycleEvent(LifecycleBase.java:123)
		at org.apache.catalina.core.StandardContext.startInternal(StandardContext.java:5127)
		at org.apache.catalina.util.LifecycleBase.start(LifecycleBase.java:183)
		at org.apache.catalina.startup.HostConfig.reload(HostConfig.java:1451)
		at org.apache.catalina.startup.HostConfig.checkResources(HostConfig.java:1414)
		at org.apache.catalina.startup.HostConfig.check(HostConfig.java:1653)
		at org.apache.catalina.startup.HostConfig.lifecycleEvent(HostConfig.java:314)
		at org.apache.catalina.util.LifecycleBase.fireLifecycleEvent(LifecycleBase.java:123)
		at org.apache.catalina.core.ContainerBase.backgroundProcess(ContainerBase.java:1159)
		at org.apache.catalina.core.ContainerBase$ContainerBackgroundProcessor.processChildren(ContainerBase.java:1362)
		at org.apache.catalina.core.ContainerBase$ContainerBackgroundProcessor.processChildren(ContainerBase.java:1366)
		at org.apache.catalina.core.ContainerBase$ContainerBackgroundProcessor.run(ContainerBase.java:1344)
		at java.util.concurrent.Executors$RunnableAdapter.call(Unknown Source)
		at java.util.concurrent.FutureTask.runAndReset(Unknown Source)
		at java.util.concurrent.ScheduledThreadPoolExecutor$ScheduledFutureTask.access$301(Unknown Source)
		at java.util.concurrent.ScheduledThreadPoolExecutor$ScheduledFutureTask.run(Unknown Source)
		at java.util.concurrent.ThreadPoolExecutor.runWorker(Unknown Source)
		at java.util.concurrent.ThreadPoolExecutor$Worker.run(Unknown Source)
		at org.apache.tomcat.util.threads.TaskThread$WrappingRunnable.run(TaskThread.java:61)
		at java.lang.Thread.run(Unknown Source)
27-Mar-2023 13:53:16.182 SEVERE [Catalina-utility-2] org.apache.tomcat.util.descriptor.web.WebXmlParser.parseWebXml Parse error in application web.xml file at [file:/C:/Program%20Files/Apache%20Software%20Foundation/Tomcat%209.0/webapps/fir/WEB-INF/web.xml]
	org.xml.sax.SAXParseException; systemId: file:/C:/Program%20Files/Apache%20Software%20Foundation/Tomcat%209.0/webapps/fir/WEB-INF/web.xml; lineNumber: 8; columnNumber: 19; The element type "url-pattern" must be terminated by the matching end-tag "</url-pattern>".
		at com.sun.org.apache.xerces.internal.util.ErrorHandlerWrapper.createSAXParseException(Unknown Source)
		at com.sun.org.apache.xerces.internal.util.ErrorHandlerWrapper.fatalError(Unknown Source)
		at com.sun.org.apache.xerces.internal.impl.XMLErrorReporter.reportError(Unknown Source)
		at com.sun.org.apache.xerces.internal.impl.XMLErrorReporter.reportError(Unknown Source)
		at com.sun.org.apache.xerces.internal.impl.XMLScanner.reportFatalError(Unknown Source)
		at com.sun.org.apache.xerces.internal.impl.XMLDocumentFragmentScannerImpl.scanEndElement(Unknown Source)
		at com.sun.org.apache.xerces.internal.impl.XMLDocumentFragmentScannerImpl$FragmentContentDriver.next(Unknown Source)
		at com.sun.org.apache.xerces.internal.impl.XMLDocumentScannerImpl.next(Unknown Source)
		at com.sun.org.apache.xerces.internal.impl.XMLDocumentFragmentScannerImpl.scanDocument(Unknown Source)
		at com.sun.org.apache.xerces.internal.parsers.XML11Configuration.parse(Unknown Source)
		at com.sun.org.apache.xerces.internal.parsers.XML11Configuration.parse(Unknown Source)
		at com.sun.org.apache.xerces.internal.parsers.XMLParser.parse(Unknown Source)
		at com.sun.org.apache.xerces.internal.parsers.AbstractSAXParser.parse(Unknown Source)
		at com.sun.org.apache.xerces.internal.jaxp.SAXParserImpl$JAXPSAXParser.parse(Unknown Source)
		at org.apache.tomcat.util.digester.Digester.parse(Digester.java:1535)
		at org.apache.tomcat.util.descriptor.web.WebXmlParser.parseWebXml(WebXmlParser.java:119)
		at org.apache.catalina.startup.ContextConfig.webConfig(ContextConfig.java:1278)
		at org.apache.catalina.startup.ContextConfig.configureStart(ContextConfig.java:987)
		at org.apache.catalina.startup.ContextConfig.lifecycleEvent(ContextConfig.java:304)
		at org.apache.catalina.util.LifecycleBase.fireLifecycleEvent(LifecycleBase.java:123)
		at org.apache.catalina.core.StandardContext.startInternal(StandardContext.java:5127)
		at org.apache.catalina.util.LifecycleBase.start(LifecycleBase.java:183)
		at org.apache.catalina.startup.HostConfig.reload(HostConfig.java:1451)
		at org.apache.catalina.startup.HostConfig.checkResources(HostConfig.java:1414)
		at org.apache.catalina.startup.HostConfig.check(HostConfig.java:1653)
		at org.apache.catalina.startup.HostConfig.lifecycleEvent(HostConfig.java:314)
		at org.apache.catalina.util.LifecycleBase.fireLifecycleEvent(LifecycleBase.java:123)
		at org.apache.catalina.core.ContainerBase.backgroundProcess(ContainerBase.java:1159)
		at org.apache.catalina.core.ContainerBase$ContainerBackgroundProcessor.processChildren(ContainerBase.java:1362)
		at org.apache.catalina.core.ContainerBase$ContainerBackgroundProcessor.processChildren(ContainerBase.java:1366)
		at org.apache.catalina.core.ContainerBase$ContainerBackgroundProcessor.run(ContainerBase.java:1344)
		at java.util.concurrent.Executors$RunnableAdapter.call(Unknown Source)
		at java.util.concurrent.FutureTask.runAndReset(Unknown Source)
		at java.util.concurrent.ScheduledThreadPoolExecutor$ScheduledFutureTask.access$301(Unknown Source)
		at java.util.concurrent.ScheduledThreadPoolExecutor$ScheduledFutureTask.run(Unknown Source)
		at java.util.concurrent.ThreadPoolExecutor.runWorker(Unknown Source)
		at java.util.concurrent.ThreadPoolExecutor$Worker.run(Unknown Source)
		at org.apache.tomcat.util.threads.TaskThread$WrappingRunnable.run(TaskThread.java:61)
		at java.lang.Thread.run(Unknown Source)
27-Mar-2023 13:53:16.183 SEVERE [Catalina-utility-2] org.apache.tomcat.util.descriptor.web.WebXmlParser.parseWebXml Occurred at line [8] column [19]
27-Mar-2023 13:53:16.187 SEVERE [Catalina-utility-2] org.apache.catalina.startup.ContextConfig.configureStart Marking this application unavailable due to previous error(s)
27-Mar-2023 13:53:16.189 SEVERE [Catalina-utility-2] org.apache.catalina.core.StandardContext.startInternal One or more components marked the context as not correctly configured
27-Mar-2023 13:53:16.190 SEVERE [Catalina-utility-2] org.apache.catalina.core.StandardContext.startInternal Context [/fir] startup failed due to previous errors
27-Mar-2023 13:57:20.167 INFO [Thread-3] org.apache.coyote.AbstractProtocol.pause Pausing ProtocolHandler ["http-nio-8097"]
27-Mar-2023 13:57:20.167 INFO [Thread-3] org.apache.catalina.core.StandardService.stopInternal Stopping service [Catalina]
27-Mar-2023 13:57:20.194 INFO [Thread-3] org.apache.coyote.AbstractProtocol.stop Stopping ProtocolHandler ["http-nio-8097"]
27-Mar-2023 13:57:20.196 INFO [Thread-3] org.apache.coyote.AbstractProtocol.destroy Destroying ProtocolHandler ["http-nio-8097"]
27-Mar-2023 13:57:36.345 INFO [main] org.apache.catalina.startup.VersionLoggerListener.log Server version name:   Apache Tomcat/9.0.71
27-Mar-2023 13:57:36.349 INFO [main] org.apache.catalina.startup.VersionLoggerListener.log Server built:          Jan 9 2023 22:33:01 UTC
27-Mar-2023 13:57:36.349 INFO [main] org.apache.catalina.startup.VersionLoggerListener.log Server version number: 9.0.71.0
27-Mar-2023 13:57:36.350 INFO [main] org.apache.catalina.startup.VersionLoggerListener.log OS Name:               Windows 10
27-Mar-2023 13:57:36.350 INFO [main] org.apache.catalina.startup.VersionLoggerListener.log OS Version:            10.0
27-Mar-2023 13:57:36.350 INFO [main] org.apache.catalina.startup.VersionLoggerListener.log Architecture:          amd64
27-Mar-2023 13:57:36.350 INFO [main] org.apache.catalina.startup.VersionLoggerListener.log Java Home:             C:\Program Files\Java\jre1.8.0_361
27-Mar-2023 13:57:36.350 INFO [main] org.apache.catalina.startup.VersionLoggerListener.log JVM Version:           1.8.0_361-b09
27-Mar-2023 13:57:36.350 INFO [main] org.apache.catalina.startup.VersionLoggerListener.log JVM Vendor:            Oracle Corporation
27-Mar-2023 13:57:36.351 INFO [main] org.apache.catalina.startup.VersionLoggerListener.log CATALINA_BASE:         C:\Program Files\Apache Software Foundation\Tomcat 9.0
27-Mar-2023 13:57:36.351 INFO [main] org.apache.catalina.startup.VersionLoggerListener.log CATALINA_HOME:         C:\Program Files\Apache Software Foundation\Tomcat 9.0
27-Mar-2023 13:57:36.351 INFO [main] org.apache.catalina.startup.VersionLoggerListener.log Command line argument: -Dcatalina.home=C:\Program Files\Apache Software Foundation\Tomcat 9.0
27-Mar-2023 13:57:36.352 INFO [main] org.apache.catalina.startup.VersionLoggerListener.log Command line argument: -Dcatalina.base=C:\Program Files\Apache Software Foundation\Tomcat 9.0
27-Mar-2023 13:57:36.352 INFO [main] org.apache.catalina.startup.VersionLoggerListener.log Command line argument: -Djava.io.tmpdir=C:\Program Files\Apache Software Foundation\Tomcat 9.0\temp
27-Mar-2023 13:57:36.352 INFO [main] org.apache.catalina.startup.VersionLoggerListener.log Command line argument: -Djava.util.logging.manager=org.apache.juli.ClassLoaderLogManager
27-Mar-2023 13:57:36.352 INFO [main] org.apache.catalina.startup.VersionLoggerListener.log Command line argument: -Djava.util.logging.config.file=C:\Program Files\Apache Software Foundation\Tomcat 9.0\conf\logging.properties
27-Mar-2023 13:57:36.353 INFO [main] org.apache.catalina.startup.VersionLoggerListener.log Command line argument: exit
27-Mar-2023 13:57:36.354 INFO [main] org.apache.catalina.startup.VersionLoggerListener.log Command line argument: abort
27-Mar-2023 13:57:36.354 INFO [main] org.apache.catalina.startup.VersionLoggerListener.log Command line argument: -Xms128m
27-Mar-2023 13:57:36.355 INFO [main] org.apache.catalina.startup.VersionLoggerListener.log Command line argument: -Xmx256m
27-Mar-2023 13:57:36.373 INFO [main] org.apache.catalina.core.AprLifecycleListener.lifecycleEvent The Apache Tomcat Native library which allows using OpenSSL was not found on the java.library.path: [C:\Program Files\Apache Software Foundation\Tomcat 9.0\bin;C:\WINDOWS\Sun\Java\bin;C:\WINDOWS\system32;C:\WINDOWS;C:\Program Files\Java\jre1.8.0_361\bin;C:\oraclexe\app\oracle\product\10.2.0\server\bin;F:\oracle\product\10.2.0\db_1\bin;C:\Program Files (x86)\Common Files\Oracle\Java\javapath;C:\Python310\Scripts\;C:\Python310\;C:\WINDOWS\system32;C:\WINDOWS;C:\WINDOWS\System32\Wbem;C:\WINDOWS\System32\WindowsPowerShell\v1.0\;C:\WINDOWS\System32\OpenSSH\;C:\MinGW\bin;C:\ProgramData\chocolatey\bin;C:\Program Files\Java\jdk1.8.0_281\bin;C:\Program Files\MySQL\MySQL Server 8.0\bin;F:\ojdbc8-21.1.0.0.jar;C:\Program Files\MySQL\MySQL Shell 8.0\bin\;C:\Users\hp\AppData\Local\Microsoft\WindowsApps;C:\Users\hp\AppData\Local\Programs\Microsoft VS Code\bin;C:\Program Files\MongoDB\Server\5.0\bin;C:\MinGW\mingw32\bin;C:\Users\hp\AppData\Local\GitHubDesktop\bin;F:\OneDrive\Desktop\flutter\bin;.]
27-Mar-2023 13:57:37.078 INFO [main] org.apache.coyote.AbstractProtocol.init Initializing ProtocolHandler ["http-nio-8097"]
27-Mar-2023 13:57:37.107 SEVERE [main] org.apache.catalina.util.LifecycleBase.handleSubClassException Failed to initialize component [Connector[HTTP/1.1-8097]]
	org.apache.catalina.LifecycleException: Protocol handler initialization failed
		at org.apache.catalina.connector.Connector.initInternal(Connector.java:1050)
		at org.apache.catalina.util.LifecycleBase.init(LifecycleBase.java:136)
		at org.apache.catalina.core.StandardService.initInternal(StandardService.java:554)
		at org.apache.catalina.util.LifecycleBase.init(LifecycleBase.java:136)
		at org.apache.catalina.core.StandardServer.initInternal(StandardServer.java:1045)
		at org.apache.catalina.util.LifecycleBase.init(LifecycleBase.java:136)
		at org.apache.catalina.startup.Catalina.load(Catalina.java:724)
		at org.apache.catalina.startup.Catalina.load(Catalina.java:746)
		at sun.reflect.NativeMethodAccessorImpl.invoke0(Native Method)
		at sun.reflect.NativeMethodAccessorImpl.invoke(Unknown Source)
		at sun.reflect.DelegatingMethodAccessorImpl.invoke(Unknown Source)
		at java.lang.reflect.Method.invoke(Unknown Source)
		at org.apache.catalina.startup.Bootstrap.load(Bootstrap.java:307)
		at org.apache.catalina.startup.Bootstrap.main(Bootstrap.java:477)
	Caused by: java.net.BindException: Address already in use: bind
		at sun.nio.ch.Net.bind0(Native Method)
		at sun.nio.ch.Net.bind(Unknown Source)
		at sun.nio.ch.Net.bind(Unknown Source)
		at sun.nio.ch.ServerSocketChannelImpl.bind(Unknown Source)
		at org.apache.tomcat.util.net.NioEndpoint.initServerSocket(NioEndpoint.java:275)
		at org.apache.tomcat.util.net.NioEndpoint.bind(NioEndpoint.java:230)
		at org.apache.tomcat.util.net.AbstractEndpoint.bindWithCleanup(AbstractEndpoint.java:1227)
		at org.apache.tomcat.util.net.AbstractEndpoint.init(AbstractEndpoint.java:1240)
		at org.apache.coyote.AbstractProtocol.init(AbstractProtocol.java:604)
		at org.apache.coyote.http11.AbstractHttp11Protocol.init(AbstractHttp11Protocol.java:76)
		at org.apache.catalina.connector.Connector.initInternal(Connector.java:1047)
		... 13 more
27-Mar-2023 13:57:37.110 INFO [main] org.apache.catalina.startup.Catalina.load Server initialization in [1050] milliseconds
27-Mar-2023 13:57:37.170 INFO [main] org.apache.catalina.core.StandardService.startInternal Starting service [Catalina]
27-Mar-2023 13:57:37.171 INFO [main] org.apache.catalina.core.StandardEngine.startInternal Starting Servlet engine: [Apache Tomcat/9.0.71]
27-Mar-2023 13:57:37.186 INFO [main] org.apache.catalina.startup.HostConfig.deployDirectory Deploying web application directory [C:\Program Files\Apache Software Foundation\Tomcat 9.0\webapps\curd]
27-Mar-2023 13:57:37.981 WARNING [main] org.apache.catalina.util.SessionIdGeneratorBase.createSecureRandom Creation of SecureRandom instance for session ID generation using [SHA1PRNG] took [409] milliseconds.
27-Mar-2023 13:57:38.008 INFO [main] org.apache.catalina.startup.HostConfig.deployDirectory Deployment of web application directory [C:\Program Files\Apache Software Foundation\Tomcat 9.0\webapps\curd] has finished in [821] ms
27-Mar-2023 13:57:38.009 INFO [main] org.apache.catalina.startup.HostConfig.deployDirectory Deploying web application directory [C:\Program Files\Apache Software Foundation\Tomcat 9.0\webapps\docs]
27-Mar-2023 13:57:38.060 INFO [main] org.apache.catalina.startup.HostConfig.deployDirectory Deployment of web application directory [C:\Program Files\Apache Software Foundation\Tomcat 9.0\webapps\docs] has finished in [50] ms
27-Mar-2023 13:57:38.062 INFO [main] org.apache.catalina.startup.HostConfig.deployDirectory Deploying web application directory [C:\Program Files\Apache Software Foundation\Tomcat 9.0\webapps\examples]
27-Mar-2023 13:57:38.668 INFO [main] org.apache.catalina.startup.HostConfig.deployDirectory Deployment of web application directory [C:\Program Files\Apache Software Foundation\Tomcat 9.0\webapps\examples] has finished in [606] ms
27-Mar-2023 13:57:38.669 INFO [main] org.apache.catalina.startup.HostConfig.deployDirectory Deploying web application directory [C:\Program Files\Apache Software Foundation\Tomcat 9.0\webapps\fir]
27-Mar-2023 13:57:38.707 SEVERE [main] org.apache.tomcat.util.digester.Digester.fatalError Parse fatal error at line [8] column [19]
	org.xml.sax.SAXParseException; systemId: file:/C:/Program%20Files/Apache%20Software%20Foundation/Tomcat%209.0/webapps/fir/WEB-INF/web.xml; lineNumber: 8; columnNumber: 19; The element type "url-pattern" must be terminated by the matching end-tag "</url-pattern>".
		at com.sun.org.apache.xerces.internal.util.ErrorHandlerWrapper.createSAXParseException(Unknown Source)
		at com.sun.org.apache.xerces.internal.util.ErrorHandlerWrapper.fatalError(Unknown Source)
		at com.sun.org.apache.xerces.internal.impl.XMLErrorReporter.reportError(Unknown Source)
		at com.sun.org.apache.xerces.internal.impl.XMLErrorReporter.reportError(Unknown Source)
		at com.sun.org.apache.xerces.internal.impl.XMLScanner.reportFatalError(Unknown Source)
		at com.sun.org.apache.xerces.internal.impl.XMLDocumentFragmentScannerImpl.scanEndElement(Unknown Source)
		at com.sun.org.apache.xerces.internal.impl.XMLDocumentFragmentScannerImpl$FragmentContentDriver.next(Unknown Source)
		at com.sun.org.apache.xerces.internal.impl.XMLDocumentScannerImpl.next(Unknown Source)
		at com.sun.org.apache.xerces.internal.impl.XMLDocumentFragmentScannerImpl.scanDocument(Unknown Source)
		at com.sun.org.apache.xerces.internal.parsers.XML11Configuration.parse(Unknown Source)
		at com.sun.org.apache.xerces.internal.parsers.XML11Configuration.parse(Unknown Source)
		at com.sun.org.apache.xerces.internal.parsers.XMLParser.parse(Unknown Source)
		at com.sun.org.apache.xerces.internal.parsers.AbstractSAXParser.parse(Unknown Source)
		at com.sun.org.apache.xerces.internal.jaxp.SAXParserImpl$JAXPSAXParser.parse(Unknown Source)
		at org.apache.tomcat.util.digester.Digester.parse(Digester.java:1535)
		at org.apache.tomcat.util.descriptor.web.WebXmlParser.parseWebXml(WebXmlParser.java:119)
		at org.apache.catalina.startup.ContextConfig.webConfig(ContextConfig.java:1278)
		at org.apache.catalina.startup.ContextConfig.configureStart(ContextConfig.java:987)
		at org.apache.catalina.startup.ContextConfig.lifecycleEvent(ContextConfig.java:304)
		at org.apache.catalina.util.LifecycleBase.fireLifecycleEvent(LifecycleBase.java:123)
		at org.apache.catalina.core.StandardContext.startInternal(StandardContext.java:5127)
		at org.apache.catalina.util.LifecycleBase.start(LifecycleBase.java:183)
		at org.apache.catalina.core.ContainerBase.addChildInternal(ContainerBase.java:726)
		at org.apache.catalina.core.ContainerBase.addChild(ContainerBase.java:698)
		at org.apache.catalina.core.StandardHost.addChild(StandardHost.java:696)
		at org.apache.catalina.startup.HostConfig.deployDirectory(HostConfig.java:1184)
		at org.apache.catalina.startup.HostConfig$DeployDirectory.run(HostConfig.java:1932)
		at java.util.concurrent.Executors$RunnableAdapter.call(Unknown Source)
		at java.util.concurrent.FutureTask.run(Unknown Source)
		at org.apache.tomcat.util.threads.InlineExecutorService.execute(InlineExecutorService.java:75)
		at java.util.concurrent.AbstractExecutorService.submit(Unknown Source)
		at org.apache.catalina.startup.HostConfig.deployDirectories(HostConfig.java:1094)
		at org.apache.catalina.startup.HostConfig.deployApps(HostConfig.java:476)
		at org.apache.catalina.startup.HostConfig.start(HostConfig.java:1617)
		at org.apache.catalina.startup.HostConfig.lifecycleEvent(HostConfig.java:318)
		at org.apache.catalina.util.LifecycleBase.fireLifecycleEvent(LifecycleBase.java:123)
		at org.apache.catalina.util.LifecycleBase.setStateInternal(LifecycleBase.java:423)
		at org.apache.catalina.util.LifecycleBase.setState(LifecycleBase.java:366)
		at org.apache.catalina.core.ContainerBase.startInternal(ContainerBase.java:943)
		at org.apache.catalina.core.StandardHost.startInternal(StandardHost.java:835)
		at org.apache.catalina.util.LifecycleBase.start(LifecycleBase.java:183)
		at org.apache.catalina.core.ContainerBase$StartChild.call(ContainerBase.java:1393)
		at org.apache.catalina.core.ContainerBase$StartChild.call(ContainerBase.java:1383)
		at java.util.concurrent.FutureTask.run(Unknown Source)
		at org.apache.tomcat.util.threads.InlineExecutorService.execute(InlineExecutorService.java:75)
		at java.util.concurrent.AbstractExecutorService.submit(Unknown Source)
		at org.apache.catalina.core.ContainerBase.startInternal(ContainerBase.java:916)
		at org.apache.catalina.core.StandardEngine.startInternal(StandardEngine.java:265)
		at org.apache.catalina.util.LifecycleBase.start(LifecycleBase.java:183)
		at org.apache.catalina.core.StandardService.startInternal(StandardService.java:430)
		at org.apache.catalina.util.LifecycleBase.start(LifecycleBase.java:183)
		at org.apache.catalina.core.StandardServer.startInternal(StandardServer.java:930)
		at org.apache.catalina.util.LifecycleBase.start(LifecycleBase.java:183)
		at org.apache.catalina.startup.Catalina.start(Catalina.java:772)
		at sun.reflect.NativeMethodAccessorImpl.invoke0(Native Method)
		at sun.reflect.NativeMethodAccessorImpl.invoke(Unknown Source)
		at sun.reflect.DelegatingMethodAccessorImpl.invoke(Unknown Source)
		at java.lang.reflect.Method.invoke(Unknown Source)
		at org.apache.catalina.startup.Bootstrap.start(Bootstrap.java:347)
		at org.apache.catalina.startup.Bootstrap.main(Bootstrap.java:478)
27-Mar-2023 13:57:38.710 SEVERE [main] org.apache.tomcat.util.descriptor.web.WebXmlParser.parseWebXml Parse error in application web.xml file at [file:/C:/Program%20Files/Apache%20Software%20Foundation/Tomcat%209.0/webapps/fir/WEB-INF/web.xml]
	org.xml.sax.SAXParseException; systemId: file:/C:/Program%20Files/Apache%20Software%20Foundation/Tomcat%209.0/webapps/fir/WEB-INF/web.xml; lineNumber: 8; columnNumber: 19; The element type "url-pattern" must be terminated by the matching end-tag "</url-pattern>".
		at com.sun.org.apache.xerces.internal.util.ErrorHandlerWrapper.createSAXParseException(Unknown Source)
		at com.sun.org.apache.xerces.internal.util.ErrorHandlerWrapper.fatalError(Unknown Source)
		at com.sun.org.apache.xerces.internal.impl.XMLErrorReporter.reportError(Unknown Source)
		at com.sun.org.apache.xerces.internal.impl.XMLErrorReporter.reportError(Unknown Source)
		at com.sun.org.apache.xerces.internal.impl.XMLScanner.reportFatalError(Unknown Source)
		at com.sun.org.apache.xerces.internal.impl.XMLDocumentFragmentScannerImpl.scanEndElement(Unknown Source)
		at com.sun.org.apache.xerces.internal.impl.XMLDocumentFragmentScannerImpl$FragmentContentDriver.next(Unknown Source)
		at com.sun.org.apache.xerces.internal.impl.XMLDocumentScannerImpl.next(Unknown Source)
		at com.sun.org.apache.xerces.internal.impl.XMLDocumentFragmentScannerImpl.scanDocument(Unknown Source)
		at com.sun.org.apache.xerces.internal.parsers.XML11Configuration.parse(Unknown Source)
		at com.sun.org.apache.xerces.internal.parsers.XML11Configuration.parse(Unknown Source)
		at com.sun.org.apache.xerces.internal.parsers.XMLParser.parse(Unknown Source)
		at com.sun.org.apache.xerces.internal.parsers.AbstractSAXParser.parse(Unknown Source)
		at com.sun.org.apache.xerces.internal.jaxp.SAXParserImpl$JAXPSAXParser.parse(Unknown Source)
		at org.apache.tomcat.util.digester.Digester.parse(Digester.java:1535)
		at org.apache.tomcat.util.descriptor.web.WebXmlParser.parseWebXml(WebXmlParser.java:119)
		at org.apache.catalina.startup.ContextConfig.webConfig(ContextConfig.java:1278)
		at org.apache.catalina.startup.ContextConfig.configureStart(ContextConfig.java:987)
		at org.apache.catalina.startup.ContextConfig.lifecycleEvent(ContextConfig.java:304)
		at org.apache.catalina.util.LifecycleBase.fireLifecycleEvent(LifecycleBase.java:123)
		at org.apache.catalina.core.StandardContext.startInternal(StandardContext.java:5127)
		at org.apache.catalina.util.LifecycleBase.start(LifecycleBase.java:183)
		at org.apache.catalina.core.ContainerBase.addChildInternal(ContainerBase.java:726)
		at org.apache.catalina.core.ContainerBase.addChild(ContainerBase.java:698)
		at org.apache.catalina.core.StandardHost.addChild(StandardHost.java:696)
		at org.apache.catalina.startup.HostConfig.deployDirectory(HostConfig.java:1184)
		at org.apache.catalina.startup.HostConfig$DeployDirectory.run(HostConfig.java:1932)
		at java.util.concurrent.Executors$RunnableAdapter.call(Unknown Source)
		at java.util.concurrent.FutureTask.run(Unknown Source)
		at org.apache.tomcat.util.threads.InlineExecutorService.execute(InlineExecutorService.java:75)
		at java.util.concurrent.AbstractExecutorService.submit(Unknown Source)
		at org.apache.catalina.startup.HostConfig.deployDirectories(HostConfig.java:1094)
		at org.apache.catalina.startup.HostConfig.deployApps(HostConfig.java:476)
		at org.apache.catalina.startup.HostConfig.start(HostConfig.java:1617)
		at org.apache.catalina.startup.HostConfig.lifecycleEvent(HostConfig.java:318)
		at org.apache.catalina.util.LifecycleBase.fireLifecycleEvent(LifecycleBase.java:123)
		at org.apache.catalina.util.LifecycleBase.setStateInternal(LifecycleBase.java:423)
		at org.apache.catalina.util.LifecycleBase.setState(LifecycleBase.java:366)
		at org.apache.catalina.core.ContainerBase.startInternal(ContainerBase.java:943)
		at org.apache.catalina.core.StandardHost.startInternal(StandardHost.java:835)
		at org.apache.catalina.util.LifecycleBase.start(LifecycleBase.java:183)
		at org.apache.catalina.core.ContainerBase$StartChild.call(ContainerBase.java:1393)
		at org.apache.catalina.core.ContainerBase$StartChild.call(ContainerBase.java:1383)
		at java.util.concurrent.FutureTask.run(Unknown Source)
		at org.apache.tomcat.util.threads.InlineExecutorService.execute(InlineExecutorService.java:75)
		at java.util.concurrent.AbstractExecutorService.submit(Unknown Source)
		at org.apache.catalina.core.ContainerBase.startInternal(ContainerBase.java:916)
		at org.apache.catalina.core.StandardEngine.startInternal(StandardEngine.java:265)
		at org.apache.catalina.util.LifecycleBase.start(LifecycleBase.java:183)
		at org.apache.catalina.core.StandardService.startInternal(StandardService.java:430)
		at org.apache.catalina.util.LifecycleBase.start(LifecycleBase.java:183)
		at org.apache.catalina.core.StandardServer.startInternal(StandardServer.java:930)
		at org.apache.catalina.util.LifecycleBase.start(LifecycleBase.java:183)
		at org.apache.catalina.startup.Catalina.start(Catalina.java:772)
		at sun.reflect.NativeMethodAccessorImpl.invoke0(Native Method)
		at sun.reflect.NativeMethodAccessorImpl.invoke(Unknown Source)
		at sun.reflect.DelegatingMethodAccessorImpl.invoke(Unknown Source)
		at java.lang.reflect.Method.invoke(Unknown Source)
		at org.apache.catalina.startup.Bootstrap.start(Bootstrap.java:347)
		at org.apache.catalina.startup.Bootstrap.main(Bootstrap.java:478)
27-Mar-2023 13:57:38.716 SEVERE [main] org.apache.tomcat.util.descriptor.web.WebXmlParser.parseWebXml Occurred at line [8] column [19]
27-Mar-2023 13:57:38.720 SEVERE [main] org.apache.catalina.startup.ContextConfig.configureStart Marking this application unavailable due to previous error(s)
27-Mar-2023 13:57:38.725 SEVERE [main] org.apache.catalina.core.StandardContext.startInternal One or more components marked the context as not correctly configured
27-Mar-2023 13:57:38.727 SEVERE [main] org.apache.catalina.core.StandardContext.startInternal Context [/fir] startup failed due to previous errors
27-Mar-2023 13:57:38.737 INFO [main] org.apache.catalina.startup.HostConfig.deployDirectory Deployment of web application directory [C:\Program Files\Apache Software Foundation\Tomcat 9.0\webapps\fir] has finished in [68] ms
27-Mar-2023 13:57:38.740 INFO [main] org.apache.catalina.startup.HostConfig.deployDirectory Deploying web application directory [C:\Program Files\Apache Software Foundation\Tomcat 9.0\webapps\host-manager]
27-Mar-2023 13:57:38.805 INFO [main] org.apache.catalina.startup.HostConfig.deployDirectory Deployment of web application directory [C:\Program Files\Apache Software Foundation\Tomcat 9.0\webapps\host-manager] has finished in [66] ms
27-Mar-2023 13:57:38.806 INFO [main] org.apache.catalina.startup.HostConfig.deployDirectory Deploying web application directory [C:\Program Files\Apache Software Foundation\Tomcat 9.0\webapps\manager]
27-Mar-2023 13:57:38.863 INFO [main] org.apache.catalina.startup.HostConfig.deployDirectory Deployment of web application directory [C:\Program Files\Apache Software Foundation\Tomcat 9.0\webapps\manager] has finished in [57] ms
27-Mar-2023 13:57:38.865 INFO [main] org.apache.catalina.startup.HostConfig.deployDirectory Deploying web application directory [C:\Program Files\Apache Software Foundation\Tomcat 9.0\webapps\ROOT]
27-Mar-2023 13:57:38.916 INFO [main] org.apache.catalina.startup.HostConfig.deployDirectory Deployment of web application directory [C:\Program Files\Apache Software Foundation\Tomcat 9.0\webapps\ROOT] has finished in [51] ms
27-Mar-2023 13:57:38.924 INFO [main] org.apache.catalina.startup.Catalina.start Server startup in [1809] milliseconds
27-Mar-2023 14:03:35.614 INFO [Thread-3] org.apache.coyote.AbstractProtocol.pause Pausing ProtocolHandler ["http-nio-8097"]
27-Mar-2023 14:03:35.614 INFO [Thread-3] org.apache.catalina.core.StandardService.stopInternal Stopping service [Catalina]
27-Mar-2023 14:03:35.646 INFO [Thread-3] org.apache.coyote.AbstractProtocol.stop Stopping ProtocolHandler ["http-nio-8097"]
27-Mar-2023 14:03:35.650 INFO [Thread-3] org.apache.coyote.AbstractProtocol.destroy Destroying ProtocolHandler ["http-nio-8097"]
